<?xml version="1.0" encoding="UTF-8"?>
<!-- Generated by org.testng.reporters.JUnitXMLReporter -->
<testsuite hostname="POZMW030363" ignored="0" name="Default test" tests="3" failures="0" timestamp="20 sie 2017 17:36:34 GMT" time="13.363" errors="0">
  <testcase name="InstallSoftware" time="0.018" classname="testngFiles.Annotations2"/>
  <testcase name="Login" time="13.294" classname="testngFiles.Annotations2"/>
  <testcase name="TestSoftware" time="0.005" classname="testngFiles.Annotations2"/>
</testsuite> <!-- Default test -->
