<?xml version="1.0" encoding="UTF-8"?>
<!-- Generated by org.testng.reporters.JUnitXMLReporter -->
<testsuite hostname="POZMW030363" ignored="0" name="Smoke Testcases" tests="3" failures="0" timestamp="17 sie 2017 13:29:16 GMT" time="0.064" errors="0">
  <testcase name="FlightBooking" time="0.012" classname="packTwo.Annotations"/>
  <testcase name="OpeningBrowser" time="0.002" classname="packTwo.Annotations"/>
  <testcase name="TestSoftware" time="0.002" classname="packTwo.Annotations2"/>
</testsuite> <!-- Smoke Testcases -->
