<?xml version="1.0" encoding="UTF-8"?>
<testng-results skipped="0" failed="0" ignored="0" total="1" passed="1">
  <reporter-output>
  </reporter-output>
  <suite name="Default suite" duration-ms="11259" started-at="2017-07-13T09:19:52Z" finished-at="2017-07-13T09:20:03Z">
    <groups>
    </groups>
    <test name="Default test" duration-ms="11259" started-at="2017-07-13T09:19:52Z" finished-at="2017-07-13T09:20:03Z">
      <class name="cloudtesting.SaucelabTest">
        <test-method status="PASS" signature="setup()[pri:0, instance:cloudtesting.SaucelabTest@14acaea5]" name="setup" duration-ms="11222" started-at="2017-07-13T11:19:52Z" finished-at="2017-07-13T11:20:03Z">
          <reporter-output>
          </reporter-output>
        </test-method> <!-- setup -->
      </class> <!-- cloudtesting.SaucelabTest -->
    </test> <!-- Default test -->
  </suite> <!-- Default suite -->
</testng-results>
