<?xml version="1.0" encoding="UTF-8"?>
<!-- Generated by org.testng.reporters.JUnitXMLReporter -->
<testsuite hostname="Venkatesh-pc" name="Smoke Testcases" tests="8" failures="0" timestamp="15 Feb 2015 09:32:10 GMT" time="133.409" errors="0">
  <testcase name="OpeningBrowser" time="44.773" classname="testngFiles.DependenyAnnot"/>
  <testcase name="Timerelated" time="0.036" classname="testngFiles.DependenyAnnot"/>
  <testcase name="software" time="0.001" classname="testngFiles.DependenyAnnot"/>
  <testcase name="Login" time="25.542" classname="testngFiles.DependenyAnnot"/>
  <testcase name="FlightBooking" time="24.265" classname="testngFiles.DependenyAnnot"/>
  <testcase name="setup" time="12.047" classname="testngFiles.SaucelabTest"/>
  <testcase name="software" time="0.001" classname="testngFiles.TestBase"/>
  <testcase name="Login" time="26.623" classname="testngFiles.TestBase"/>
</testsuite> <!-- Smoke Testcases -->
